The system is: Windows - 10.0.19043 - AMD64
Compiling the C compiler identification source file "CMakeCCompilerId.c" succeeded.
Compiler: E:/appdata/VS2019IDE/VC/Tools/MSVC/14.29.30037/bin/Hostx64/x64/cl.exe 
Build flags: 
Id flags:  

The output was:
0
Microsoft (R) C/C++ Optimizing Compiler Version 19.29.30038.1 for x64
Copyright (C) Microsoft Corporation.  著作權所有，並保留一切權利。

CMakeCCompilerId.c
Microsoft (R) Incremental Linker Version 14.29.30038.1
Copyright (C) Microsoft Corporation.  All rights reserved.

/out:CMakeCCompilerId.exe 
CMakeCCompilerId.obj 


Compilation of the C compiler identification source "CMakeCCompilerId.c" produced "CMakeCCompilerId.exe"

Compilation of the C compiler identification source "CMakeCCompilerId.c" produced "CMakeCCompilerId.obj"

The C compiler identification is MSVC, found in "D:/Codes/Optix/optix7course-master/optix7course-master/build/CMakeFiles/3.23.1/CompilerIdC/CMakeCCompilerId.exe"

Compiling the CXX compiler identification source file "CMakeCXXCompilerId.cpp" succeeded.
Compiler: E:/appdata/VS2019IDE/VC/Tools/MSVC/14.29.30037/bin/Hostx64/x64/cl.exe 
Build flags: 
Id flags:  

The output was:
0
Microsoft (R) C/C++ Optimizing Compiler Version 19.29.30038.1 for x64
Copyright (C) Microsoft Corporation.  著作權所有，並保留一切權利。

CMakeCXXCompilerId.cpp
Microsoft (R) Incremental Linker Version 14.29.30038.1
Copyright (C) Microsoft Corporation.  All rights reserved.

/out:CMakeCXXCompilerId.exe 
CMakeCXXCompilerId.obj 


Compilation of the CXX compiler identification source "CMakeCXXCompilerId.cpp" produced "CMakeCXXCompilerId.exe"

Compilation of the CXX compiler identification source "CMakeCXXCompilerId.cpp" produced "CMakeCXXCompilerId.obj"

The CXX compiler identification is MSVC, found in "D:/Codes/Optix/optix7course-master/optix7course-master/build/CMakeFiles/3.23.1/CompilerIdCXX/CMakeCXXCompilerId.exe"

Detecting C compiler ABI info compiled with the following output:
Change Dir: D:/Codes/Optix/optix7course-master/optix7course-master/build/CMakeFiles/CMakeTmp

Run Build Command(s):nmake -f Makefile /nologo cmTC_f1da0\fast && 	E:\appdata\VS2019IDE\VC\Tools\MSVC\14.29.30037\bin\HostX64\x64\nmake.exe  -f CMakeFiles\cmTC_f1da0.dir\build.make /nologo -L                  CMakeFiles\cmTC_f1da0.dir\build
Building C object CMakeFiles/cmTC_f1da0.dir/CMakeCCompilerABI.c.obj
	E:\appdata\cmake\bin\cmake.exe -E cmake_cl_compile_depends --dep-file=CMakeFiles\cmTC_f1da0.dir\CMakeCCompilerABI.c.obj.d --working-dir=D:\Codes\Optix\optix7course-master\optix7course-master\build\CMakeFiles\CMakeTmp --filter-prefix="注意: 包含檔案: " -- E:\appdata\VS2019IDE\VC\Tools\MSVC\14.29.30037\bin\Hostx64\x64\cl.exe @C:\Users\amago\AppData\Local\Temp\nm24C8.tmp
CMakeCCompilerABI.c
?`?? ?瑼?: E:\appdata\cmake\share\cmake-3.23\Modules\CMakeCompilerABI.h
Linking C executable cmTC_f1da0.exe
	E:\appdata\cmake\bin\cmake.exe -E vs_link_exe --intdir=CMakeFiles\cmTC_f1da0.dir --rc="E:\Windows Kits\10\bin\10.0.19041.0\x64\rc.exe" --mt="E:\Windows Kits\10\bin\10.0.19041.0\x64\mt.exe" --manifests -- E:\appdata\VS2019IDE\VC\Tools\MSVC\14.29.30037\bin\Hostx64\x64\link.exe /nologo @CMakeFiles\cmTC_f1da0.dir\objects1.rsp @C:\Users\amago\AppData\Local\Temp\nm2546.tmp



Detecting CXX compiler ABI info compiled with the following output:
Change Dir: D:/Codes/Optix/optix7course-master/optix7course-master/build/CMakeFiles/CMakeTmp

Run Build Command(s):nmake -f Makefile /nologo cmTC_95a35\fast && 	E:\appdata\VS2019IDE\VC\Tools\MSVC\14.29.30037\bin\HostX64\x64\nmake.exe  -f CMakeFiles\cmTC_95a35.dir\build.make /nologo -L                  CMakeFiles\cmTC_95a35.dir\build
Building CXX object CMakeFiles/cmTC_95a35.dir/CMakeCXXCompilerABI.cpp.obj
	E:\appdata\cmake\bin\cmake.exe -E cmake_cl_compile_depends --dep-file=CMakeFiles\cmTC_95a35.dir\CMakeCXXCompilerABI.cpp.obj.d --working-dir=D:\Codes\Optix\optix7course-master\optix7course-master\build\CMakeFiles\CMakeTmp --filter-prefix="注意: 包含檔案: " -- E:\appdata\VS2019IDE\VC\Tools\MSVC\14.29.30037\bin\Hostx64\x64\cl.exe @C:\Users\amago\AppData\Local\Temp\nm2862.tmp
CMakeCXXCompilerABI.cpp
?`?? ?瑼?: E:\appdata\cmake\share\cmake-3.23\Modules\CMakeCompilerABI.h
Linking CXX executable cmTC_95a35.exe
	E:\appdata\cmake\bin\cmake.exe -E vs_link_exe --intdir=CMakeFiles\cmTC_95a35.dir --rc="E:\Windows Kits\10\bin\10.0.19041.0\x64\rc.exe" --mt="E:\Windows Kits\10\bin\10.0.19041.0\x64\mt.exe" --manifests -- E:\appdata\VS2019IDE\VC\Tools\MSVC\14.29.30037\bin\Hostx64\x64\link.exe /nologo @CMakeFiles\cmTC_95a35.dir\objects1.rsp @C:\Users\amago\AppData\Local\Temp\nm28E0.tmp



